<?xml version="1.0" encoding="UTF-8"?>
<!-- Generated by org.testng.reporters.JUnitReportReporter -->
<testsuite hostname="LAPTOP-JLSUG9BU" failures="0" tests="1" name="com.testcase.Testcases" time="129.851" errors="0" timestamp="2025-09-11T22:36:11 IST" skipped="0">
  <testcase classname="com.testcase.Testcases" name="completeApplicationForm" time="129.851"/>
</testsuite> <!-- com.testcase.Testcases -->
